<?xml version="1.0" encoding="UTF-8"?>
<!-- Generated by org.testng.reporters.JUnitXMLReporter -->
<testsuite hostname="Home" name="GroupMethod" tests="1" failures="1" timestamp="12 Mar 2018 16:26:43 GMT" time="0.267" errors="0">
  <testcase name="PageNavigation" time="0.024" classname="com.codee.cli.SimpleLoginCode">
    <failure type="java.lang.NullPointerException">
      <![CDATA[java.lang.NullPointerException
	at com.codee.cli.SimpleLoginCode.PageNavigation(SimpleLoginCode.java:64)
... Removed 28 stack frames]]>
    </failure>
  </testcase> <!-- PageNavigation -->
</testsuite> <!-- GroupMethod -->
