<?xml version="1.0" encoding="UTF-8"?>
<!-- Generated by org.testng.reporters.JUnitXMLReporter -->
<testsuite hostname="Home" name="GroupMethod" tests="1" failures="1" timestamp="12 Mar 2018 16:35:13 GMT" time="0.083" errors="0">
  <testcase name="PageNavigation1" time="0.032" classname="com.codee.cli.SimpleLoginCode">
    <failure type="java.lang.NullPointerException">
      <![CDATA[java.lang.NullPointerException
	at com.codee.cli.SimpleLoginCode.PageNavigation1(SimpleLoginCode.java:64)
... Removed 24 stack frames]]>
    </failure>
  </testcase> <!-- PageNavigation1 -->
</testsuite> <!-- GroupMethod -->
