-------------------------------------------------------------------------------
Test set: TestSuite
-------------------------------------------------------------------------------
Tests run: 1, Failures: 1, Errors: 0, Skipped: 0, Time elapsed: 3.204 s <<< FAILURE! - in TestSuite
PageNavigation(com.codee.cli.SimpleLoginCode)  Time elapsed: 0.142 s  <<< FAILURE!
java.lang.NullPointerException
	at com.codee.cli.SimpleLoginCode.PageNavigation(SimpleLoginCode.java:64)

