<?xml version="1.0" encoding="UTF-8"?>
<testng-results skipped="0" failed="0" total="1" passed="1">
  <reporter-output>
  </reporter-output>
  <suite name="Default suite" duration-ms="89452" started-at="2018-06-10T10:43:25Z" finished-at="2018-06-10T10:44:54Z">
    <groups>
    </groups>
    <test name="Default test" duration-ms="89452" started-at="2018-06-10T10:43:25Z" finished-at="2018-06-10T10:44:54Z">
      <class name="Interview_Practice.FrameWorkTestcases1">
        <test-method status="PASS" signature="beforeMethod()[pri:0, instance:Interview_Practice.FrameWorkTestcases1@19d1a19]" name="beforeMethod" is-config="true" duration-ms="61912" started-at="2018-06-10T16:13:25Z" finished-at="2018-06-10T16:14:26Z">
          <reporter-output>
          </reporter-output>
        </test-method> <!-- beforeMethod -->
        <test-method status="PASS" signature="f()[pri:0, instance:Interview_Practice.FrameWorkTestcases1@19d1a19]" name="f" duration-ms="14362" started-at="2018-06-10T16:14:26Z" finished-at="2018-06-10T16:14:41Z">
          <reporter-output>
          </reporter-output>
        </test-method> <!-- f -->
        <test-method status="PASS" signature="afterMethod()[pri:0, instance:Interview_Practice.FrameWorkTestcases1@19d1a19]" name="afterMethod" is-config="true" duration-ms="13072" started-at="2018-06-10T16:14:41Z" finished-at="2018-06-10T16:14:54Z">
          <reporter-output>
          </reporter-output>
        </test-method> <!-- afterMethod -->
      </class> <!-- Interview_Practice.FrameWorkTestcases1 -->
    </test> <!-- Default test -->
  </suite> <!-- Default suite -->
</testng-results>
